This is XeTeX, Version 3.141592653-2.6-0.999993 (TeX Live 2022/dev/Debian) (preloaded format=xelatex 2025.1.13)  21 JAN 2025 18:30
entering extended mode
 restricted \write18 enabled.
 file:line:error style messages enabled.
 %&-line parsing enabled.
**/home/user_name/VScodeProjects/Latex/7/7
(/home/user_name/VScodeProjects/Latex/7/7.tex
LaTeX2e <2021-11-15> patch level 1
L3 programming layer <2022-01-21> (/usr/share/texlive/texmf-dist/tex/latex/extsizes/extarticle.cls
Document Class: extarticle 1996/10/08 v1.0 Non Standard LaTeX document class
(/usr/share/texlive/texmf-dist/tex/latex/extsizes/size17.clo
File: size17.clo 1999/11/11 NON-Standard LaTeX file (size option)
) (/usr/share/texlive/texmf-dist/tex/latex/base/exscale.sty
Package: exscale 2018/09/24 v2.1i Standard LaTeX package exscale
LaTeX Font Info:    Redeclaring symbol font `largesymbols' on input line 57.
LaTeX Font Info:    Overwriting symbol font `largesymbols' in version `normal'
(Font)                  OMX/cmex/m/n --> OMX/cmex/m/n on input line 57.
LaTeX Font Info:    Overwriting symbol font `largesymbols' in version `bold'
(Font)                  OMX/cmex/m/n --> OMX/cmex/m/n on input line 57.
\big@size=\dimen138
)
\c@part=\count181
\c@section=\count182
\c@subsection=\count183
\c@subsubsection=\count184
\c@paragraph=\count185
\c@subparagraph=\count186
\c@figure=\count187
\c@table=\count188
\abovecaptionskip=\skip47
\belowcaptionskip=\skip48
\bibindent=\dimen139
) (../mystyle.sty (/usr/share/texlive/texmf-dist/tex/latex/fontspec/fontspec.sty (/usr/share/texlive/texmf-dist/tex/latex/l3packages/xparse/xparse.sty (/usr/share/texlive/texmf-dist/tex/latex/l3kernel/expl3.sty
Package: expl3 2022-01-21 L3 programming layer (loader) 
 (/usr/share/texlive/texmf-dist/tex/latex/l3backend/l3backend-xetex.def
File: l3backend-xetex.def 2022-01-12 L3 backend support: XeTeX
 (|extractbb --version)
\c__kernel_sys_dvipdfmx_version_int=\count189
\l__color_backend_stack_int=\count190
\g__color_backend_stack_int=\count191
\g__graphics_track_int=\count192
\l__pdf_internal_box=\box50
\g__pdf_backend_object_int=\count193
\g__pdf_backend_annotation_int=\count194
\g__pdf_backend_link_int=\count195
))
Package: xparse 2022-01-12 L3 Experimental document command parser
)
Package: fontspec 2022/01/15 v2.8a Font selection for XeLaTeX and LuaLaTeX
 (/usr/share/texlive/texmf-dist/tex/latex/fontspec/fontspec-xetex.sty
Package: fontspec-xetex 2022/01/15 v2.8a Font selection for XeLaTeX and LuaLaTeX
\l__fontspec_script_int=\count196
\l__fontspec_language_int=\count197
\l__fontspec_strnum_int=\count198
\l__fontspec_tmp_int=\count199
\l__fontspec_tmpa_int=\count266
\l__fontspec_tmpb_int=\count267
\l__fontspec_tmpc_int=\count268
\l__fontspec_em_int=\count269
\l__fontspec_emdef_int=\count270
\l__fontspec_strong_int=\count271
\l__fontspec_strongdef_int=\count272
\l__fontspec_tmpa_dim=\dimen140
\l__fontspec_tmpb_dim=\dimen141
\l__fontspec_tmpc_dim=\dimen142
 (/usr/share/texlive/texmf-dist/tex/latex/base/fontenc.sty
Package: fontenc 2021/04/29 v2.0v Standard LaTeX package
) (/usr/share/texlive/texmf-dist/tex/latex/fontspec/fontspec.cfg)))

Package fontspec Info: Font family 'TimesNewRoman(0)' created for font 'Times
(fontspec)             New Roman' with options [Ligatures=TeX].
(fontspec)              
(fontspec)              This font family consists of the following NFSS
(fontspec)             series/shapes:
(fontspec)              
(fontspec)             - 'normal' (m/n) with NFSS spec.: <->"Times New
(fontspec)             Roman/OT:language=dflt;mapping=tex-text;"
(fontspec)             - 'small caps'  (m/sc) with NFSS spec.: 
(fontspec)             - 'bold' (b/n) with NFSS spec.: <->"Times New
(fontspec)             Roman/B/OT:language=dflt;mapping=tex-text;"
(fontspec)             - 'bold small caps'  (b/sc) with NFSS spec.: 
(fontspec)             - 'italic' (m/it) with NFSS spec.: <->"Times New
(fontspec)             Roman/I/OT:language=dflt;mapping=tex-text;"
(fontspec)             - 'italic small caps'  (m/scit) with NFSS spec.: 
(fontspec)             - 'bold italic' (b/it) with NFSS spec.: <->"Times New
(fontspec)             Roman/BI/OT:language=dflt;mapping=tex-text;"
(fontspec)             - 'bold italic small caps'  (b/scit) with NFSS spec.: 

 (/usr/share/texlive/texmf-dist/tex/generic/babel/babel.sty
Package: babel 2022/01/26 3.70 The Babel package
\babel@savecnt=\count273
\U@D=\dimen143
\l@unhyphenated=\language16
 (/usr/share/texlive/texmf-dist/tex/generic/babel/xebabel.def (/usr/share/texlive/texmf-dist/tex/generic/babel/txtbabel.def))
\bbl@readstream=\read2
\bbl@dirlevel=\count274
 (/usr/share/texlive/texmf-dist/tex/generic/babel-russian/russianb.ldf
File: russianb.ldf 2021/01/10 1.3m Russian support for the Babel system
Language: russian 2020/09/09 1.3k Russian support for the Babel system
Package babel Info: Making " an active character on input line 124.
Package babel Info: Default for \cyrdash is provided on input line 163.
)) (/usr/share/texlive/texmf-dist/tex/latex/amsmath/amsmath.sty
Package: amsmath 2021/10/15 v2.17l AMS math features
\@mathmargin=\skip49

For additional information on amsmath, use the `?' option.
(/usr/share/texlive/texmf-dist/tex/latex/amsmath/amstext.sty
Package: amstext 2021/08/26 v2.01 AMS text
 (/usr/share/texlive/texmf-dist/tex/latex/amsmath/amsgen.sty
File: amsgen.sty 1999/11/30 v2.0 generic functions
\@emptytoks=\toks16
\ex@=\dimen144
)) (/usr/share/texlive/texmf-dist/tex/latex/amsmath/amsbsy.sty
Package: amsbsy 1999/11/29 v1.2d Bold Symbols
\pmbraise@=\dimen145
) (/usr/share/texlive/texmf-dist/tex/latex/amsmath/amsopn.sty
Package: amsopn 2021/08/26 v2.02 operator names
)
\inf@bad=\count275
LaTeX Info: Redefining \frac on input line 234.
\uproot@=\count276
\leftroot@=\count277
LaTeX Info: Redefining \overline on input line 399.
\classnum@=\count278
\DOTSCASE@=\count279
LaTeX Info: Redefining \ldots on input line 496.
LaTeX Info: Redefining \dots on input line 499.
LaTeX Info: Redefining \cdots on input line 620.
\Mathstrutbox@=\box51
\strutbox@=\box52
\big@size=\dimen146
LaTeX Font Info:    Redeclaring font encoding OML on input line 743.
LaTeX Font Info:    Redeclaring font encoding OMS on input line 744.
\macc@depth=\count280
\c@MaxMatrixCols=\count281
\dotsspace@=\muskip16
\c@parentequation=\count282
\dspbrk@lvl=\count283
\tag@help=\toks17
\row@=\count284
\column@=\count285
\maxfields@=\count286
\andhelp@=\toks18
\eqnshift@=\dimen147
\alignsep@=\dimen148
\tagshift@=\dimen149
\tagwidth@=\dimen150
\totwidth@=\dimen151
\lineht@=\dimen152
\@envbody=\toks19
\multlinegap=\skip50
\multlinetaggap=\skip51
\mathdisplay@stack=\toks20
LaTeX Info: Redefining \[ on input line 2938.
LaTeX Info: Redefining \] on input line 2939.
) (/usr/share/texlive/texmf-dist/tex/latex/amsfonts/amssymb.sty
Package: amssymb 2013/01/14 v3.01 AMS font symbols
 (/usr/share/texlive/texmf-dist/tex/latex/amsfonts/amsfonts.sty
Package: amsfonts 2013/01/14 v3.01 Basic AMSFonts support
\symAMSa=\mathgroup4
\symAMSb=\mathgroup5
LaTeX Font Info:    Redeclaring math symbol \hbar on input line 98.
LaTeX Font Info:    Overwriting math alphabet `\mathfrak' in version `bold'
(Font)                  U/euf/m/n --> U/euf/b/n on input line 106.
)) (/usr/share/texlive/texmf-dist/tex/latex/xcolor/xcolor.sty
Package: xcolor 2021/10/31 v2.13 LaTeX color extensions (UK)
 (/usr/share/texlive/texmf-dist/tex/latex/graphics-cfg/color.cfg
File: color.cfg 2016/01/02 v1.6 sample color configuration
)
Package xcolor Info: Driver file: xetex.def on input line 227.
 (/usr/share/texlive/texmf-dist/tex/latex/graphics-def/xetex.def
File: xetex.def 2021/03/18 v5.0k Graphics/color driver for xetex
) (/usr/share/texlive/texmf-dist/tex/latex/colortbl/colortbl.sty
Package: colortbl 2020/01/04 v1.0e Color table columns (DPC)
 (/usr/share/texlive/texmf-dist/tex/latex/tools/array.sty
Package: array 2021/10/04 v2.5f Tabular extension package (FMi)
\col@sep=\dimen153
\ar@mcellbox=\box53
\extrarowheight=\dimen154
\NC@list=\toks21
\extratabsurround=\skip52
\backup@length=\skip53
\ar@cellbox=\box54
)
\everycr=\toks22
\minrowclearance=\skip54
)
\rownum=\count287
Package xcolor Info: Model `cmy' substituted by `cmy0' on input line 1352.
Package xcolor Info: Model `RGB' extended on input line 1368.
Package xcolor Info: Model `HTML' substituted by `rgb' on input line 1370.
Package xcolor Info: Model `Hsb' substituted by `hsb' on input line 1371.
Package xcolor Info: Model `tHsb' substituted by `hsb' on input line 1372.
Package xcolor Info: Model `HSB' substituted by `hsb' on input line 1373.
Package xcolor Info: Model `Gray' substituted by `gray' on input line 1374.
Package xcolor Info: Model `wave' substituted by `hsb' on input line 1375.
) (/usr/share/texlive/texmf-dist/tex/latex/tools/longtable.sty
Package: longtable 2021-09-01 v4.17 Multi-page Table package (DPC)
\LTleft=\skip55
\LTright=\skip56
\LTpre=\skip57
\LTpost=\skip58
\LTchunksize=\count288
\LTcapwidth=\dimen155
\LT@head=\box55
\LT@firsthead=\box56
\LT@foot=\box57
\LT@lastfoot=\box58
\LT@gbox=\box59
\LT@cols=\count289
\LT@rows=\count290
\c@LT@tables=\count291
\c@LT@chunks=\count292
\LT@p@ftn=\toks23
) (/usr/share/texlive/texmf-dist/tex/latex/geometry/geometry.sty
Package: geometry 2020/01/02 v5.9 Page Geometry
 (/usr/share/texlive/texmf-dist/tex/latex/graphics/keyval.sty
Package: keyval 2014/10/28 v1.15 key=value parser (DPC)
\KV@toks@=\toks24
) (/usr/share/texlive/texmf-dist/tex/generic/iftex/ifvtex.sty
Package: ifvtex 2019/10/25 v1.7 ifvtex legacy package. Use iftex instead.
 (/usr/share/texlive/texmf-dist/tex/generic/iftex/iftex.sty
Package: iftex 2020/03/06 v1.0d TeX engine tests
))
\Gm@cnth=\count293
\Gm@cntv=\count294
\c@Gm@tempcnt=\count295
\Gm@bindingoffset=\dimen156
\Gm@wd@mp=\dimen157
\Gm@odd@mp=\dimen158
\Gm@even@mp=\dimen159
\Gm@layoutwidth=\dimen160
\Gm@layoutheight=\dimen161
\Gm@layouthoffset=\dimen162
\Gm@layoutvoffset=\dimen163
\Gm@dimlist=\toks25
) (/usr/share/texlive/texmf-dist/tex/latex/titlesec/titlesec.sty
Package: titlesec 2021/07/05 v2.14 Sectioning titles
\ttl@box=\box60
\beforetitleunit=\skip59
\aftertitleunit=\skip60
\ttl@plus=\dimen164
\ttl@minus=\dimen165
\ttl@toksa=\toks26
\titlewidth=\dimen166
\titlewidthlast=\dimen167
\titlewidthfirst=\dimen168
) (/usr/share/texlive/texmf-dist/tex/latex/amscls/amsthm.sty
Package: amsthm 2020/05/29 v2.20.6
\thm@style=\toks27
\thm@bodyfont=\toks28
\thm@headfont=\toks29
\thm@notefont=\toks30
\thm@headpunct=\toks31
\thm@preskip=\skip61
\thm@postskip=\skip62
\thm@headsep=\skip63
\dth@everypar=\toks32
)
\c@definition=\count296
\c@lemma=\count297
\c@theorem=\count298
\c@criterion=\count299
\c@proposition=\count300
\c@corollary=\count301
\c@example=\count302
 (/usr/share/texlive/texmf-dist/tex/latex/graphics/graphicx.sty
Package: graphicx 2021/09/16 v1.2d Enhanced LaTeX Graphics (DPC,SPQR)
 (/usr/share/texlive/texmf-dist/tex/latex/graphics/graphics.sty
Package: graphics 2021/03/04 v1.4d Standard LaTeX Graphics (DPC,SPQR)
 (/usr/share/texlive/texmf-dist/tex/latex/graphics/trig.sty
Package: trig 2021/08/11 v1.11 sin cos tan (DPC)
) (/usr/share/texlive/texmf-dist/tex/latex/graphics-cfg/graphics.cfg
File: graphics.cfg 2016/06/04 v1.11 sample graphics configuration
)
Package graphics Info: Driver file: xetex.def on input line 107.
)
\Gin@req@height=\dimen169
\Gin@req@width=\dimen170
) (/usr/share/texlive/texmf-dist/tex/latex/cancel/cancel.sty
Package: cancel 2013/04/12 v2.2 Cancel math terms
) (/usr/share/texlive/texmf-dist/tex/latex/pgf/frontendlayer/tikz.sty (/usr/share/texlive/texmf-dist/tex/latex/pgf/basiclayer/pgf.sty (/usr/share/texlive/texmf-dist/tex/latex/pgf/utilities/pgfrcs.sty (/usr/share/texlive/texmf-dist/tex/generic/pgf/utilities/pgfutil-common.tex
\pgfutil@everybye=\toks33
\pgfutil@tempdima=\dimen171
\pgfutil@tempdimb=\dimen172
 (/usr/share/texlive/texmf-dist/tex/generic/pgf/utilities/pgfutil-common-lists.tex)) (/usr/share/texlive/texmf-dist/tex/generic/pgf/utilities/pgfutil-latex.def
\pgfutil@abb=\box61
) (/usr/share/texlive/texmf-dist/tex/generic/pgf/utilities/pgfrcs.code.tex (/usr/share/texlive/texmf-dist/tex/generic/pgf/pgf.revision.tex)
Package: pgfrcs 2021/05/15 v3.1.9a (3.1.9a)
))
Package: pgf 2021/05/15 v3.1.9a (3.1.9a)
 (/usr/share/texlive/texmf-dist/tex/latex/pgf/basiclayer/pgfcore.sty (/usr/share/texlive/texmf-dist/tex/latex/pgf/systemlayer/pgfsys.sty (/usr/share/texlive/texmf-dist/tex/generic/pgf/systemlayer/pgfsys.code.tex
Package: pgfsys 2021/05/15 v3.1.9a (3.1.9a)
 (/usr/share/texlive/texmf-dist/tex/generic/pgf/utilities/pgfkeys.code.tex
\pgfkeys@pathtoks=\toks34
\pgfkeys@temptoks=\toks35
 (/usr/share/texlive/texmf-dist/tex/generic/pgf/utilities/pgfkeysfiltered.code.tex
\pgfkeys@tmptoks=\toks36
))
\pgf@x=\dimen173
\pgf@y=\dimen174
\pgf@xa=\dimen175
\pgf@ya=\dimen176
\pgf@xb=\dimen177
\pgf@yb=\dimen178
\pgf@xc=\dimen179
\pgf@yc=\dimen180
\pgf@xd=\dimen181
\pgf@yd=\dimen182
\w@pgf@writea=\write3
\r@pgf@reada=\read3
\c@pgf@counta=\count303
\c@pgf@countb=\count304
\c@pgf@countc=\count305
\c@pgf@countd=\count306
\t@pgf@toka=\toks37
\t@pgf@tokb=\toks38
\t@pgf@tokc=\toks39
\pgf@sys@id@count=\count307
 (/usr/share/texlive/texmf-dist/tex/generic/pgf/systemlayer/pgf.cfg
File: pgf.cfg 2021/05/15 v3.1.9a (3.1.9a)
)
Driver file for pgf: pgfsys-xetex.def
 (/usr/share/texlive/texmf-dist/tex/generic/pgf/systemlayer/pgfsys-xetex.def
File: pgfsys-xetex.def 2021/05/15 v3.1.9a (3.1.9a)
 (/usr/share/texlive/texmf-dist/tex/generic/pgf/systemlayer/pgfsys-dvipdfmx.def
File: pgfsys-dvipdfmx.def 2021/05/15 v3.1.9a (3.1.9a)
 (/usr/share/texlive/texmf-dist/tex/generic/pgf/systemlayer/pgfsys-common-pdf.def
File: pgfsys-common-pdf.def 2021/05/15 v3.1.9a (3.1.9a)
)
\pgfsys@objnum=\count308
))) (/usr/share/texlive/texmf-dist/tex/generic/pgf/systemlayer/pgfsyssoftpath.code.tex
File: pgfsyssoftpath.code.tex 2021/05/15 v3.1.9a (3.1.9a)
\pgfsyssoftpath@smallbuffer@items=\count309
\pgfsyssoftpath@bigbuffer@items=\count310
) (/usr/share/texlive/texmf-dist/tex/generic/pgf/systemlayer/pgfsysprotocol.code.tex
File: pgfsysprotocol.code.tex 2021/05/15 v3.1.9a (3.1.9a)
)) (/usr/share/texlive/texmf-dist/tex/generic/pgf/basiclayer/pgfcore.code.tex
Package: pgfcore 2021/05/15 v3.1.9a (3.1.9a)
 (/usr/share/texlive/texmf-dist/tex/generic/pgf/math/pgfmath.code.tex (/usr/share/texlive/texmf-dist/tex/generic/pgf/math/pgfmathcalc.code.tex (/usr/share/texlive/texmf-dist/tex/generic/pgf/math/pgfmathutil.code.tex) (/usr/share/texlive/texmf-dist/tex/generic/pgf/math/pgfmathparser.code.tex
\pgfmath@dimen=\dimen183
\pgfmath@count=\count311
\pgfmath@box=\box62
\pgfmath@toks=\toks40
\pgfmath@stack@operand=\toks41
\pgfmath@stack@operation=\toks42
) (/usr/share/texlive/texmf-dist/tex/generic/pgf/math/pgfmathfunctions.code.tex (/usr/share/texlive/texmf-dist/tex/generic/pgf/math/pgfmathfunctions.basic.code.tex) (/usr/share/texlive/texmf-dist/tex/generic/pgf/math/pgfmathfunctions.trigonometric.code.tex) (/usr/share/texlive/texmf-dist/tex/generic/pgf/math/pgfmathfunctions.random.code.tex) (/usr/share/texlive/texmf-dist/tex/generic/pgf/math/pgfmathfunctions.comparison.code.tex) (/usr/share/texlive/texmf-dist/tex/generic/pgf/math/pgfmathfunctions.base.code.tex) (/usr/share/texlive/texmf-dist/tex/generic/pgf/math/pgfmathfunctions.round.code.tex) (/usr/share/texlive/texmf-dist/tex/generic/pgf/math/pgfmathfunctions.misc.code.tex) (/usr/share/texlive/texmf-dist/tex/generic/pgf/math/pgfmathfunctions.integerarithmetics.code.tex))) (/usr/share/texlive/texmf-dist/tex/generic/pgf/math/pgfmathfloat.code.tex
\c@pgfmathroundto@lastzeros=\count312
)) (/usr/share/texlive/texmf-dist/tex/generic/pgf/math/pgfint.code.tex) (/usr/share/texlive/texmf-dist/tex/generic/pgf/basiclayer/pgfcorepoints.code.tex
File: pgfcorepoints.code.tex 2021/05/15 v3.1.9a (3.1.9a)
\pgf@picminx=\dimen184
\pgf@picmaxx=\dimen185
\pgf@picminy=\dimen186
\pgf@picmaxy=\dimen187
\pgf@pathminx=\dimen188
\pgf@pathmaxx=\dimen189
\pgf@pathminy=\dimen190
\pgf@pathmaxy=\dimen191
\pgf@xx=\dimen192
\pgf@xy=\dimen193
\pgf@yx=\dimen194
\pgf@yy=\dimen195
\pgf@zx=\dimen196
\pgf@zy=\dimen197
) (/usr/share/texlive/texmf-dist/tex/generic/pgf/basiclayer/pgfcorepathconstruct.code.tex
File: pgfcorepathconstruct.code.tex 2021/05/15 v3.1.9a (3.1.9a)
\pgf@path@lastx=\dimen198
\pgf@path@lasty=\dimen199
) (/usr/share/texlive/texmf-dist/tex/generic/pgf/basiclayer/pgfcorepathusage.code.tex
File: pgfcorepathusage.code.tex 2021/05/15 v3.1.9a (3.1.9a)
\pgf@shorten@end@additional=\dimen256
\pgf@shorten@start@additional=\dimen257
) (/usr/share/texlive/texmf-dist/tex/generic/pgf/basiclayer/pgfcorescopes.code.tex
File: pgfcorescopes.code.tex 2021/05/15 v3.1.9a (3.1.9a)
\pgfpic=\box63
\pgf@hbox=\box64
\pgf@layerbox@main=\box65
\pgf@picture@serial@count=\count313
) (/usr/share/texlive/texmf-dist/tex/generic/pgf/basiclayer/pgfcoregraphicstate.code.tex
File: pgfcoregraphicstate.code.tex 2021/05/15 v3.1.9a (3.1.9a)
\pgflinewidth=\dimen258
) (/usr/share/texlive/texmf-dist/tex/generic/pgf/basiclayer/pgfcoretransformations.code.tex
File: pgfcoretransformations.code.tex 2021/05/15 v3.1.9a (3.1.9a)
\pgf@pt@x=\dimen259
\pgf@pt@y=\dimen260
\pgf@pt@temp=\dimen261
) (/usr/share/texlive/texmf-dist/tex/generic/pgf/basiclayer/pgfcorequick.code.tex
File: pgfcorequick.code.tex 2021/05/15 v3.1.9a (3.1.9a)
) (/usr/share/texlive/texmf-dist/tex/generic/pgf/basiclayer/pgfcoreobjects.code.tex
File: pgfcoreobjects.code.tex 2021/05/15 v3.1.9a (3.1.9a)
) (/usr/share/texlive/texmf-dist/tex/generic/pgf/basiclayer/pgfcorepathprocessing.code.tex
File: pgfcorepathprocessing.code.tex 2021/05/15 v3.1.9a (3.1.9a)
) (/usr/share/texlive/texmf-dist/tex/generic/pgf/basiclayer/pgfcorearrows.code.tex
File: pgfcorearrows.code.tex 2021/05/15 v3.1.9a (3.1.9a)
\pgfarrowsep=\dimen262
) (/usr/share/texlive/texmf-dist/tex/generic/pgf/basiclayer/pgfcoreshade.code.tex
File: pgfcoreshade.code.tex 2021/05/15 v3.1.9a (3.1.9a)
\pgf@max=\dimen263
\pgf@sys@shading@range@num=\count314
\pgf@shadingcount=\count315
) (/usr/share/texlive/texmf-dist/tex/generic/pgf/basiclayer/pgfcoreimage.code.tex
File: pgfcoreimage.code.tex 2021/05/15 v3.1.9a (3.1.9a)
 (/usr/share/texlive/texmf-dist/tex/generic/pgf/basiclayer/pgfcoreexternal.code.tex
File: pgfcoreexternal.code.tex 2021/05/15 v3.1.9a (3.1.9a)
\pgfexternal@startupbox=\box66
)) (/usr/share/texlive/texmf-dist/tex/generic/pgf/basiclayer/pgfcorelayers.code.tex
File: pgfcorelayers.code.tex 2021/05/15 v3.1.9a (3.1.9a)
) (/usr/share/texlive/texmf-dist/tex/generic/pgf/basiclayer/pgfcoretransparency.code.tex
File: pgfcoretransparency.code.tex 2021/05/15 v3.1.9a (3.1.9a)
) (/usr/share/texlive/texmf-dist/tex/generic/pgf/basiclayer/pgfcorepatterns.code.tex
File: pgfcorepatterns.code.tex 2021/05/15 v3.1.9a (3.1.9a)
) (/usr/share/texlive/texmf-dist/tex/generic/pgf/basiclayer/pgfcorerdf.code.tex
File: pgfcorerdf.code.tex 2021/05/15 v3.1.9a (3.1.9a)
))) (/usr/share/texlive/texmf-dist/tex/generic/pgf/modules/pgfmoduleshapes.code.tex
File: pgfmoduleshapes.code.tex 2021/05/15 v3.1.9a (3.1.9a)
\pgfnodeparttextbox=\box67
) (/usr/share/texlive/texmf-dist/tex/generic/pgf/modules/pgfmoduleplot.code.tex
File: pgfmoduleplot.code.tex 2021/05/15 v3.1.9a (3.1.9a)
) (/usr/share/texlive/texmf-dist/tex/latex/pgf/compatibility/pgfcomp-version-0-65.sty
Package: pgfcomp-version-0-65 2021/05/15 v3.1.9a (3.1.9a)
\pgf@nodesepstart=\dimen264
\pgf@nodesepend=\dimen265
) (/usr/share/texlive/texmf-dist/tex/latex/pgf/compatibility/pgfcomp-version-1-18.sty
Package: pgfcomp-version-1-18 2021/05/15 v3.1.9a (3.1.9a)
)) (/usr/share/texlive/texmf-dist/tex/latex/pgf/utilities/pgffor.sty (/usr/share/texlive/texmf-dist/tex/latex/pgf/utilities/pgfkeys.sty (/usr/share/texlive/texmf-dist/tex/generic/pgf/utilities/pgfkeys.code.tex)) (/usr/share/texlive/texmf-dist/tex/latex/pgf/math/pgfmath.sty (/usr/share/texlive/texmf-dist/tex/generic/pgf/math/pgfmath.code.tex)) (/usr/share/texlive/texmf-dist/tex/generic/pgf/utilities/pgffor.code.tex
Package: pgffor 2021/05/15 v3.1.9a (3.1.9a)
 (/usr/share/texlive/texmf-dist/tex/generic/pgf/math/pgfmath.code.tex)
\pgffor@iter=\dimen266
\pgffor@skip=\dimen267
\pgffor@stack=\toks43
\pgffor@toks=\toks44
)) (/usr/share/texlive/texmf-dist/tex/generic/pgf/frontendlayer/tikz/tikz.code.tex
Package: tikz 2021/05/15 v3.1.9a (3.1.9a)
 (/usr/share/texlive/texmf-dist/tex/generic/pgf/libraries/pgflibraryplothandlers.code.tex
File: pgflibraryplothandlers.code.tex 2021/05/15 v3.1.9a (3.1.9a)
\pgf@plot@mark@count=\count316
\pgfplotmarksize=\dimen268
)
\tikz@lastx=\dimen269
\tikz@lasty=\dimen270
\tikz@lastxsaved=\dimen271
\tikz@lastysaved=\dimen272
\tikz@lastmovetox=\dimen273
\tikz@lastmovetoy=\dimen274
\tikzleveldistance=\dimen275
\tikzsiblingdistance=\dimen276
\tikz@figbox=\box68
\tikz@figbox@bg=\box69
\tikz@tempbox=\box70
\tikz@tempbox@bg=\box71
\tikztreelevel=\count317
\tikznumberofchildren=\count318
\tikznumberofcurrentchild=\count319
\tikz@fig@count=\count320
 (/usr/share/texlive/texmf-dist/tex/generic/pgf/modules/pgfmodulematrix.code.tex
File: pgfmodulematrix.code.tex 2021/05/15 v3.1.9a (3.1.9a)
\pgfmatrixcurrentrow=\count321
\pgfmatrixcurrentcolumn=\count322
\pgf@matrix@numberofcolumns=\count323
)
\tikz@expandcount=\count324
 (/usr/share/texlive/texmf-dist/tex/generic/pgf/frontendlayer/tikz/libraries/tikzlibrarytopaths.code.tex
File: tikzlibrarytopaths.code.tex 2021/05/15 v3.1.9a (3.1.9a)
))) (/usr/share/texlive/texmf-dist/tex/generic/pgf/frontendlayer/tikz/libraries/tikzlibraryautomata.code.tex
File: tikzlibraryautomata.code.tex 2021/05/15 v3.1.9a (3.1.9a)
 (/usr/share/texlive/texmf-dist/tex/generic/pgf/frontendlayer/tikz/libraries/tikzlibraryshapes.multipart.code.tex
File: tikzlibraryshapes.multipart.code.tex 2021/05/15 v3.1.9a (3.1.9a)
 (/usr/share/texlive/texmf-dist/tex/generic/pgf/libraries/shapes/pgflibraryshapes.multipart.code.tex
File: pgflibraryshapes.multipart.code.tex 2021/05/15 v3.1.9a (3.1.9a)
\pgfnodepartlowerbox=\box72
\pgfnodeparttwobox=\box73
\pgfnodepartthreebox=\box74
\pgfnodepartfourbox=\box75
\pgfnodeparttwentybox=\box76
\pgfnodepartnineteenbox=\box77
\pgfnodeparteighteenbox=\box78
\pgfnodepartseventeenbox=\box79
\pgfnodepartsixteenbox=\box80
\pgfnodepartfifteenbox=\box81
\pgfnodepartfourteenbox=\box82
\pgfnodepartthirteenbox=\box83
\pgfnodeparttwelvebox=\box84
\pgfnodepartelevenbox=\box85
\pgfnodeparttenbox=\box86
\pgfnodepartninebox=\box87
\pgfnodeparteightbox=\box88
\pgfnodepartsevenbox=\box89
\pgfnodepartsixbox=\box90
\pgfnodepartfivebox=\box91
))) (/usr/share/texlive/texmf-dist/tex/generic/pgf/frontendlayer/tikz/libraries/tikzlibrarypositioning.code.tex
File: tikzlibrarypositioning.code.tex 2021/05/15 v3.1.9a (3.1.9a)
) (/usr/share/texlive/texmf-dist/tex/latex/float/float.sty
Package: float 2001/11/08 v1.3d Float enhancements (AL)
\c@float@type=\count325
\float@exts=\toks45
\float@box=\box92
\@float@everytoks=\toks46
\@floatcapt=\box93
) (/usr/share/texlive/texmf-dist/tex/latex/fancyhdr/fancyhdr.sty
Package: fancyhdr 2021/01/28 v4.0.1 Extensive control of page headers and footers
\f@nch@headwidth=\skip64
\f@nch@O@elh=\skip65
\f@nch@O@erh=\skip66
\f@nch@O@olh=\skip67
\f@nch@O@orh=\skip68
\f@nch@O@elf=\skip69
\f@nch@O@erf=\skip70
\f@nch@O@olf=\skip71
\f@nch@O@orf=\skip72
) (/usr/share/texlive/texmf-dist/tex/latex/booktabs/booktabs.sty
Package: booktabs 2020/01/12 v1.61803398 Publication quality tables
\heavyrulewidth=\dimen277
\lightrulewidth=\dimen278
\cmidrulewidth=\dimen279
\belowrulesep=\dimen280
\belowbottomsep=\dimen281
\aboverulesep=\dimen282
\abovetopsep=\dimen283
\cmidrulesep=\dimen284
\cmidrulekern=\dimen285
\defaultaddspace=\dimen286
\@cmidla=\count326
\@cmidlb=\count327
\@aboverulesep=\dimen287
\@belowrulesep=\dimen288
\@thisruleclass=\count328
\@lastruleclass=\count329
\@thisrulewidth=\dimen289
) (/usr/share/texlive/texmf-dist/tex/latex/caption/caption.sty
Package: caption 2020/10/26 v3.5g Customizing captions (AR)
 (/usr/share/texlive/texmf-dist/tex/latex/caption/caption3.sty
Package: caption3 2020/10/21 v2.2e caption3 kernel (AR)
\captionmargin=\dimen290
\captionmargin@=\dimen291
\captionwidth=\dimen292
\caption@tempdima=\dimen293
\caption@indent=\dimen294
\caption@parindent=\dimen295
\caption@hangindent=\dimen296
Package caption Info: Standard document class detected.
)
\c@caption@flags=\count330
\c@continuedfloat=\count331
Package caption Info: float package is loaded.
Package caption Info: longtable package is loaded.
 (/usr/share/texlive/texmf-dist/tex/latex/caption/ltcaption.sty
Package: ltcaption 2020/05/30 v1.4b longtable captions (AR)
))) (/usr/share/texlive/texmf-dist/tex/latex/multirow/multirow.sty
Package: multirow 2021/03/15 v2.8 Span multiple rows of a table
\multirow@colwidth=\skip73
\multirow@cntb=\count332
\multirow@dima=\skip74
\bigstrutjot=\dimen297
)
No file 7.aux.
\openout1 = `7.aux'.

LaTeX Font Info:    Checking defaults for OML/cmm/m/it on input line 4.
LaTeX Font Info:    ... okay on input line 4.
LaTeX Font Info:    Checking defaults for OMS/cmsy/m/n on input line 4.
LaTeX Font Info:    ... okay on input line 4.
LaTeX Font Info:    Checking defaults for OT1/cmr/m/n on input line 4.
LaTeX Font Info:    ... okay on input line 4.
LaTeX Font Info:    Checking defaults for T1/cmr/m/n on input line 4.
LaTeX Font Info:    ... okay on input line 4.
LaTeX Font Info:    Checking defaults for TS1/cmr/m/n on input line 4.
LaTeX Font Info:    Trying to load font information for TS1+cmr on input line 4.
(/usr/share/texlive/texmf-dist/tex/latex/base/ts1cmr.fd
File: ts1cmr.fd 2019/12/16 v2.5j Standard LaTeX font definitions
)
LaTeX Font Info:    ... okay on input line 4.
LaTeX Font Info:    Checking defaults for TU/lmr/m/n on input line 4.
LaTeX Font Info:    ... okay on input line 4.
LaTeX Font Info:    Checking defaults for OMX/cmex/m/n on input line 4.
LaTeX Font Info:    ... okay on input line 4.
LaTeX Font Info:    Checking defaults for U/cmr/m/n on input line 4.
LaTeX Font Info:    ... okay on input line 4.

Package fontspec Info: Adjusting the maths setup (use [no-math] to avoid
(fontspec)             this).

\symlegacymaths=\mathgroup6
LaTeX Font Info:    Overwriting symbol font `legacymaths' in version `bold'
(Font)                  OT1/cmr/m/n --> OT1/cmr/bx/n on input line 4.
LaTeX Font Info:    Redeclaring math accent \acute on input line 4.
LaTeX Font Info:    Redeclaring math accent \grave on input line 4.
LaTeX Font Info:    Redeclaring math accent \ddot on input line 4.
LaTeX Font Info:    Redeclaring math accent \tilde on input line 4.
LaTeX Font Info:    Redeclaring math accent \bar on input line 4.
LaTeX Font Info:    Redeclaring math accent \breve on input line 4.
LaTeX Font Info:    Redeclaring math accent \check on input line 4.
LaTeX Font Info:    Redeclaring math accent \hat on input line 4.
LaTeX Font Info:    Redeclaring math accent \dot on input line 4.
LaTeX Font Info:    Redeclaring math accent \mathring on input line 4.
LaTeX Font Info:    Redeclaring math symbol \Gamma on input line 4.
LaTeX Font Info:    Redeclaring math symbol \Delta on input line 4.
LaTeX Font Info:    Redeclaring math symbol \Theta on input line 4.
LaTeX Font Info:    Redeclaring math symbol \Lambda on input line 4.
LaTeX Font Info:    Redeclaring math symbol \Xi on input line 4.
LaTeX Font Info:    Redeclaring math symbol \Pi on input line 4.
LaTeX Font Info:    Redeclaring math symbol \Sigma on input line 4.
LaTeX Font Info:    Redeclaring math symbol \Upsilon on input line 4.
LaTeX Font Info:    Redeclaring math symbol \Phi on input line 4.
LaTeX Font Info:    Redeclaring math symbol \Psi on input line 4.
LaTeX Font Info:    Redeclaring math symbol \Omega on input line 4.
LaTeX Font Info:    Redeclaring math symbol \mathdollar on input line 4.
LaTeX Font Info:    Redeclaring symbol font `operators' on input line 4.
LaTeX Font Info:    Encoding `OT1' has changed to `TU' for symbol font
(Font)              `operators' in the math version `normal' on input line 4.
LaTeX Font Info:    Overwriting symbol font `operators' in version `normal'
(Font)                  OT1/cmr/m/n --> TU/TimesNewRoman(0)/m/n on input line 4.
LaTeX Font Info:    Encoding `OT1' has changed to `TU' for symbol font
(Font)              `operators' in the math version `bold' on input line 4.
LaTeX Font Info:    Overwriting symbol font `operators' in version `bold'
(Font)                  OT1/cmr/bx/n --> TU/TimesNewRoman(0)/m/n on input line 4.
LaTeX Font Info:    Overwriting symbol font `operators' in version `normal'
(Font)                  TU/TimesNewRoman(0)/m/n --> TU/TimesNewRoman(0)/m/n on input line 4.
LaTeX Font Info:    Overwriting math alphabet `\mathit' in version `normal'
(Font)                  OT1/cmr/m/it --> TU/TimesNewRoman(0)/m/it on input line 4.
LaTeX Font Info:    Overwriting math alphabet `\mathbf' in version `normal'
(Font)                  OT1/cmr/bx/n --> TU/TimesNewRoman(0)/b/n on input line 4.
LaTeX Font Info:    Overwriting math alphabet `\mathsf' in version `normal'
(Font)                  OT1/cmss/m/n --> TU/lmss/m/n on input line 4.
LaTeX Font Info:    Overwriting math alphabet `\mathtt' in version `normal'
(Font)                  OT1/cmtt/m/n --> TU/lmtt/m/n on input line 4.
LaTeX Font Info:    Overwriting symbol font `operators' in version `bold'
(Font)                  TU/TimesNewRoman(0)/m/n --> TU/TimesNewRoman(0)/b/n on input line 4.
LaTeX Font Info:    Overwriting math alphabet `\mathit' in version `bold'
(Font)                  OT1/cmr/bx/it --> TU/TimesNewRoman(0)/b/it on input line 4.
LaTeX Font Info:    Overwriting math alphabet `\mathsf' in version `bold'
(Font)                  OT1/cmss/bx/n --> TU/lmss/b/n on input line 4.
LaTeX Font Info:    Overwriting math alphabet `\mathtt' in version `bold'
(Font)                  OT1/cmtt/m/n --> TU/lmtt/b/n on input line 4.
LaTeX Info: Redefining \th on input line 4.

*geometry* driver: auto-detecting
*geometry* detected driver: xetex
*geometry* verbose mode - [ preamble ] result:
* driver: xetex
* paper: a4paper
* layout: <same size as paper>
* layoutoffset:(h,v)=(0.0pt,0.0pt)
* modes: 
* h-part:(L,W,R)=(14.22636pt, 569.05515pt, 14.22636pt)
* v-part:(T,H,B)=(14.22636pt, 816.59412pt, 14.22636pt)
* \paperwidth=597.50787pt
* \paperheight=845.04684pt
* \textwidth=569.05515pt
* \textheight=816.59412pt
* \oddsidemargin=-58.04362pt
* \evensidemargin=-58.04362pt
* \topmargin=-105.04362pt
* \headheight=17.0pt
* \headsep=30.0pt
* \topskip=17.0pt
* \footskip=35.0pt
* \marginparwidth=2.0pt
* \marginparsep=12.0pt
* \columnsep=10.0pt
* \skip\footins=14.0pt plus 5.0pt minus 3.0pt
* \hoffset=0.0pt
* \voffset=0.0pt
* \mag=1000
* \@twocolumnfalse
* \@twosidefalse
* \@mparswitchfalse
* \@reversemarginfalse
* (1in=72.27pt=25.4mm, 1cm=28.453pt)

Package caption Info: Begin \AtBeginDocument code.
Package caption Info: End \AtBeginDocument code.
LaTeX Font Info:    Trying to load font information for U+msa on input line 7.
(/usr/share/texlive/texmf-dist/tex/latex/amsfonts/umsa.fd
File: umsa.fd 2013/01/14 v3.01 AMS symbols A
)
LaTeX Font Info:    Trying to load font information for U+msb on input line 7.
 (/usr/share/texlive/texmf-dist/tex/latex/amsfonts/umsb.fd
File: umsb.fd 2013/01/14 v3.01 AMS symbols B
)
Overfull \hbox (15.50388pt too wide) detected at line 19
\OML/cmm/m/it/17.28 u[] \OMS/cmsy/m/n/17.28 ^^@ \OML/cmm/m/it/17.28 u[] \OT1/cmr/m/n/17.28 + \OML/cmm/m/it/17.28 n \OMS/cmsy/m/n/17.28 ^^A \OML/cmm/m/it/17.28 x[] \OMS/cmsy/m/n/17.28 ^^T \OML/cmm/m/it/17.28 n \OMS/cmsy/m/n/17.28 ^^@ \OT1/cmr/m/n/17.28 1[]
 []


Overfull \hbox (107.28407pt too wide) in paragraph at lines 96--96
[]    \TU/lmtt/m/n/17.28 def _branch_and_bound(self, curr_node, visited, level, curr_cost, path):[] 
 []

[1

]
Overfull \hbox (0.49365pt too wide) in paragraph at lines 96--96
[]                \TU/lmtt/m/n/17.28 next_cost = curr_cost + self.graph[curr_node][i][] 
 []


Overfull \hbox (214.07446pt too wide) in paragraph at lines 96--96
[]                    \TU/lmtt/m/n/17.28 self._branch_and_bound(i, visited, level + 1, next_cost, path + [i])[] 
 []

Missing character: There is no В (U+0412) in font [lmmono12-regular]:!
Missing character: There is no в (U+0432) in font [lmmono12-regular]:!
Missing character: There is no е (U+0435) in font [lmmono12-regular]:!
Missing character: There is no д (U+0434) in font [lmmono12-regular]:!
Missing character: There is no и (U+0438) in font [lmmono12-regular]:!
Missing character: There is no т (U+0442) in font [lmmono12-regular]:!
Missing character: There is no е (U+0435) in font [lmmono12-regular]:!
Missing character: There is no м (U+043C) in font [lmmono12-regular]:!
Missing character: There is no а (U+0430) in font [lmmono12-regular]:!
Missing character: There is no т (U+0442) in font [lmmono12-regular]:!
Missing character: There is no р (U+0440) in font [lmmono12-regular]:!
Missing character: There is no и (U+0438) in font [lmmono12-regular]:!
Missing character: There is no ц (U+0446) in font [lmmono12-regular]:!
Missing character: There is no у (U+0443) in font [lmmono12-regular]:!
Missing character: There is no р (U+0440) in font [lmmono12-regular]:!
Missing character: There is no а (U+0430) in font [lmmono12-regular]:!
Missing character: There is no з (U+0437) in font [lmmono12-regular]:!
Missing character: There is no м (U+043C) in font [lmmono12-regular]:!
Missing character: There is no е (U+0435) in font [lmmono12-regular]:!
Missing character: There is no р (U+0440) in font [lmmono12-regular]:!
Missing character: There is no а (U+0430) in font [lmmono12-regular]:!
Missing character: There is no ч (U+0447) in font [lmmono12-regular]:!
Missing character: There is no е (U+0435) in font [lmmono12-regular]:!
Missing character: There is no р (U+0440) in font [lmmono12-regular]:!
Missing character: There is no е (U+0435) in font [lmmono12-regular]:!
Missing character: There is no з (U+0437) in font [lmmono12-regular]:!
Missing character: There is no п (U+043F) in font [lmmono12-regular]:!
Missing character: There is no р (U+0440) in font [lmmono12-regular]:!
Missing character: There is no о (U+043E) in font [lmmono12-regular]:!
Missing character: There is no б (U+0431) in font [lmmono12-regular]:!
Missing character: There is no е (U+0435) in font [lmmono12-regular]:!
Missing character: There is no л (U+043B) in font [lmmono12-regular]:!
Missing character: There is no ы (U+044B) in font [lmmono12-regular]:!
Missing character: There is no э (U+044D) in font [lmmono12-regular]:!
Missing character: There is no л (U+043B) in font [lmmono12-regular]:!
Missing character: There is no е (U+0435) in font [lmmono12-regular]:!
Missing character: There is no м (U+043C) in font [lmmono12-regular]:!
Missing character: There is no е (U+0435) in font [lmmono12-regular]:!
Missing character: There is no н (U+043D) in font [lmmono12-regular]:!
Missing character: There is no т (U+0442) in font [lmmono12-regular]:!
Missing character: There is no ы (U+044B) in font [lmmono12-regular]:!
Missing character: There is no р (U+0440) in font [lmmono12-regular]:!
Missing character: There is no а (U+0430) in font [lmmono12-regular]:!
Missing character: There is no з (U+0437) in font [lmmono12-regular]:!
Missing character: There is no д (U+0434) in font [lmmono12-regular]:!
Missing character: There is no е (U+0435) in font [lmmono12-regular]:!
Missing character: There is no л (U+043B) in font [lmmono12-regular]:!
Missing character: There is no я (U+044F) in font [lmmono12-regular]:!
Missing character: There is no ю (U+044E) in font [lmmono12-regular]:!
Missing character: There is no т (U+0442) in font [lmmono12-regular]:!
Missing character: There is no с (U+0441) in font [lmmono12-regular]:!
Missing character: There is no я (U+044F) in font [lmmono12-regular]:!
Missing character: There is no с (U+0441) in font [lmmono12-regular]:!
Missing character: There is no т (U+0442) in font [lmmono12-regular]:!
Missing character: There is no р (U+0440) in font [lmmono12-regular]:!
Missing character: There is no о (U+043E) in font [lmmono12-regular]:!
Missing character: There is no к (U+043A) in font [lmmono12-regular]:!
Missing character: There is no а (U+0430) in font [lmmono12-regular]:!
Missing character: There is no м (U+043C) in font [lmmono12-regular]:!
Missing character: There is no и (U+0438) in font [lmmono12-regular]:!

Overfull \hbox (32.72087pt too wide) in paragraph at lines 96--96
[]    \TU/lmtt/m/n/17.28 print(f"Введите матрицу размера {n} x {n} (через пробелы, элементы разделяются строками):")[] 
 []


Overfull \hbox (311.96568pt too wide) in paragraph at lines 96--96
[]    \TU/lmtt/m/n/17.28 matrix = [[random.randint(1, max_weight) if i != j else 0 for j in range(n)] for i in range(n)][] 
 []

Missing character: There is no В (U+0412) in font [lmmono12-regular]:!
Missing character: There is no в (U+0432) in font [lmmono12-regular]:!
Missing character: There is no е (U+0435) in font [lmmono12-regular]:!
Missing character: There is no д (U+0434) in font [lmmono12-regular]:!
Missing character: There is no и (U+0438) in font [lmmono12-regular]:!
Missing character: There is no т (U+0442) in font [lmmono12-regular]:!
Missing character: There is no е (U+0435) in font [lmmono12-regular]:!
Missing character: There is no р (U+0440) in font [lmmono12-regular]:!
Missing character: There is no а (U+0430) in font [lmmono12-regular]:!
Missing character: There is no з (U+0437) in font [lmmono12-regular]:!
Missing character: There is no м (U+043C) in font [lmmono12-regular]:!
Missing character: There is no е (U+0435) in font [lmmono12-regular]:!
Missing character: There is no р (U+0440) in font [lmmono12-regular]:!
Missing character: There is no м (U+043C) in font [lmmono12-regular]:!
Missing character: There is no а (U+0430) in font [lmmono12-regular]:!
Missing character: There is no т (U+0442) in font [lmmono12-regular]:!
Missing character: There is no р (U+0440) in font [lmmono12-regular]:!
Missing character: There is no и (U+0438) in font [lmmono12-regular]:!
Missing character: There is no ц (U+0446) in font [lmmono12-regular]:!
Missing character: There is no ы (U+044B) in font [lmmono12-regular]:!
Missing character: There is no В (U+0412) in font [lmmono12-regular]:!
Missing character: There is no ы (U+044B) in font [lmmono12-regular]:!
Missing character: There is no б (U+0431) in font [lmmono12-regular]:!
Missing character: There is no е (U+0435) in font [lmmono12-regular]:!
Missing character: There is no р (U+0440) in font [lmmono12-regular]:!
Missing character: There is no и (U+0438) in font [lmmono12-regular]:!
Missing character: There is no т (U+0442) in font [lmmono12-regular]:!
Missing character: There is no е (U+0435) in font [lmmono12-regular]:!
Missing character: There is no о (U+043E) in font [lmmono12-regular]:!
Missing character: There is no п (U+043F) in font [lmmono12-regular]:!
Missing character: There is no ц (U+0446) in font [lmmono12-regular]:!
Missing character: There is no и (U+0438) in font [lmmono12-regular]:!
Missing character: There is no ю (U+044E) in font [lmmono12-regular]:!
Missing character: There is no В (U+0412) in font [lmmono12-regular]:!
Missing character: There is no в (U+0432) in font [lmmono12-regular]:!
Missing character: There is no е (U+0435) in font [lmmono12-regular]:!
Missing character: There is no с (U+0441) in font [lmmono12-regular]:!
Missing character: There is no т (U+0442) in font [lmmono12-regular]:!
Missing character: There is no и (U+0438) in font [lmmono12-regular]:!
Missing character: There is no с (U+0441) in font [lmmono12-regular]:!
Missing character: There is no в (U+0432) in font [lmmono12-regular]:!
Missing character: There is no о (U+043E) in font [lmmono12-regular]:!
Missing character: There is no ю (U+044E) in font [lmmono12-regular]:!
Missing character: There is no м (U+043C) in font [lmmono12-regular]:!
Missing character: There is no а (U+0430) in font [lmmono12-regular]:!
Missing character: There is no т (U+0442) in font [lmmono12-regular]:!
Missing character: There is no р (U+0440) in font [lmmono12-regular]:!
Missing character: There is no и (U+0438) in font [lmmono12-regular]:!
Missing character: There is no ц (U+0446) in font [lmmono12-regular]:!
Missing character: There is no у (U+0443) in font [lmmono12-regular]:!
Missing character: There is no С (U+0421) in font [lmmono12-regular]:!
Missing character: There is no г (U+0433) in font [lmmono12-regular]:!
Missing character: There is no е (U+0435) in font [lmmono12-regular]:!
Missing character: There is no н (U+043D) in font [lmmono12-regular]:!
Missing character: There is no е (U+0435) in font [lmmono12-regular]:!
Missing character: There is no р (U+0440) in font [lmmono12-regular]:!
Missing character: There is no и (U+0438) in font [lmmono12-regular]:!
Missing character: There is no р (U+0440) in font [lmmono12-regular]:!
Missing character: There is no о (U+043E) in font [lmmono12-regular]:!
Missing character: There is no в (U+0432) in font [lmmono12-regular]:!
Missing character: There is no а (U+0430) in font [lmmono12-regular]:!
Missing character: There is no т (U+0442) in font [lmmono12-regular]:!
Missing character: There is no ь (U+044C) in font [lmmono12-regular]:!
Missing character: There is no с (U+0441) in font [lmmono12-regular]:!
Missing character: There is no л (U+043B) in font [lmmono12-regular]:!
Missing character: There is no у (U+0443) in font [lmmono12-regular]:!
Missing character: There is no ч (U+0447) in font [lmmono12-regular]:!
Missing character: There is no а (U+0430) in font [lmmono12-regular]:!
Missing character: There is no й (U+0439) in font [lmmono12-regular]:!
Missing character: There is no н (U+043D) in font [lmmono12-regular]:!
Missing character: There is no у (U+0443) in font [lmmono12-regular]:!
Missing character: There is no ю (U+044E) in font [lmmono12-regular]:!
Missing character: There is no м (U+043C) in font [lmmono12-regular]:!
Missing character: There is no а (U+0430) in font [lmmono12-regular]:!
Missing character: There is no т (U+0442) in font [lmmono12-regular]:!
Missing character: There is no р (U+0440) in font [lmmono12-regular]:!
Missing character: There is no и (U+0438) in font [lmmono12-regular]:!
Missing character: There is no ц (U+0446) in font [lmmono12-regular]:!
Missing character: There is no у (U+0443) in font [lmmono12-regular]:!
Missing character: There is no В (U+0412) in font [lmmono12-regular]:!
Missing character: There is no а (U+0430) in font [lmmono12-regular]:!
Missing character: There is no ш (U+0448) in font [lmmono12-regular]:!
Missing character: There is no в (U+0432) in font [lmmono12-regular]:!
Missing character: There is no ы (U+044B) in font [lmmono12-regular]:!
Missing character: There is no б (U+0431) in font [lmmono12-regular]:!
Missing character: There is no о (U+043E) in font [lmmono12-regular]:!
Missing character: There is no р (U+0440) in font [lmmono12-regular]:!
Missing character: There is no и (U+0438) in font [lmmono12-regular]:!
Missing character: There is no л (U+043B) in font [lmmono12-regular]:!
Missing character: There is no и (U+0438) in font [lmmono12-regular]:!
[2]
Missing character: There is no С (U+0421) in font [lmmono12-regular]:!
Missing character: There is no г (U+0433) in font [lmmono12-regular]:!
Missing character: There is no е (U+0435) in font [lmmono12-regular]:!
Missing character: There is no н (U+043D) in font [lmmono12-regular]:!
Missing character: There is no е (U+0435) in font [lmmono12-regular]:!
Missing character: There is no р (U+0440) in font [lmmono12-regular]:!
Missing character: There is no и (U+0438) in font [lmmono12-regular]:!
Missing character: There is no р (U+0440) in font [lmmono12-regular]:!
Missing character: There is no о (U+043E) in font [lmmono12-regular]:!
Missing character: There is no в (U+0432) in font [lmmono12-regular]:!
Missing character: There is no а (U+0430) in font [lmmono12-regular]:!
Missing character: There is no н (U+043D) in font [lmmono12-regular]:!
Missing character: There is no н (U+043D) in font [lmmono12-regular]:!
Missing character: There is no а (U+0430) in font [lmmono12-regular]:!
Missing character: There is no я (U+044F) in font [lmmono12-regular]:!
Missing character: There is no м (U+043C) in font [lmmono12-regular]:!
Missing character: There is no а (U+0430) in font [lmmono12-regular]:!
Missing character: There is no т (U+0442) in font [lmmono12-regular]:!
Missing character: There is no р (U+0440) in font [lmmono12-regular]:!
Missing character: There is no и (U+0438) in font [lmmono12-regular]:!
Missing character: There is no ц (U+0446) in font [lmmono12-regular]:!
Missing character: There is no а (U+0430) in font [lmmono12-regular]:!
Missing character: There is no Н (U+041D) in font [lmmono12-regular]:!
Missing character: There is no е (U+0435) in font [lmmono12-regular]:!
Missing character: There is no к (U+043A) in font [lmmono12-regular]:!
Missing character: There is no о (U+043E) in font [lmmono12-regular]:!
Missing character: There is no р (U+0440) in font [lmmono12-regular]:!
Missing character: There is no р (U+0440) in font [lmmono12-regular]:!
Missing character: There is no е (U+0435) in font [lmmono12-regular]:!
Missing character: There is no к (U+043A) in font [lmmono12-regular]:!
Missing character: There is no т (U+0442) in font [lmmono12-regular]:!
Missing character: There is no н (U+043D) in font [lmmono12-regular]:!
Missing character: There is no ы (U+044B) in font [lmmono12-regular]:!
Missing character: There is no й (U+0439) in font [lmmono12-regular]:!
Missing character: There is no в (U+0432) in font [lmmono12-regular]:!
Missing character: There is no ы (U+044B) in font [lmmono12-regular]:!
Missing character: There is no б (U+0431) in font [lmmono12-regular]:!
Missing character: There is no о (U+043E) in font [lmmono12-regular]:!
Missing character: There is no р (U+0440) in font [lmmono12-regular]:!
Missing character: There is no М (U+041C) in font [lmmono12-regular]:!
Missing character: There is no и (U+0438) in font [lmmono12-regular]:!
Missing character: There is no н (U+043D) in font [lmmono12-regular]:!
Missing character: There is no и (U+0438) in font [lmmono12-regular]:!
Missing character: There is no м (U+043C) in font [lmmono12-regular]:!
Missing character: There is no а (U+0430) in font [lmmono12-regular]:!
Missing character: There is no л (U+043B) in font [lmmono12-regular]:!
Missing character: There is no ь (U+044C) in font [lmmono12-regular]:!
Missing character: There is no н (U+043D) in font [lmmono12-regular]:!
Missing character: There is no а (U+0430) in font [lmmono12-regular]:!
Missing character: There is no я (U+044F) in font [lmmono12-regular]:!
Missing character: There is no с (U+0441) in font [lmmono12-regular]:!
Missing character: There is no т (U+0442) in font [lmmono12-regular]:!
Missing character: There is no о (U+043E) in font [lmmono12-regular]:!
Missing character: There is no и (U+0438) in font [lmmono12-regular]:!
Missing character: There is no м (U+043C) in font [lmmono12-regular]:!
Missing character: There is no о (U+043E) in font [lmmono12-regular]:!
Missing character: There is no с (U+0441) in font [lmmono12-regular]:!
Missing character: There is no т (U+0442) in font [lmmono12-regular]:!
Missing character: There is no ь (U+044C) in font [lmmono12-regular]:!
Missing character: There is no О (U+041E) in font [lmmono12-regular]:!
Missing character: There is no п (U+043F) in font [lmmono12-regular]:!
Missing character: There is no т (U+0442) in font [lmmono12-regular]:!
Missing character: There is no и (U+0438) in font [lmmono12-regular]:!
Missing character: There is no м (U+043C) in font [lmmono12-regular]:!
Missing character: There is no а (U+0430) in font [lmmono12-regular]:!
Missing character: There is no л (U+043B) in font [lmmono12-regular]:!
Missing character: There is no ь (U+044C) in font [lmmono12-regular]:!
Missing character: There is no н (U+043D) in font [lmmono12-regular]:!
Missing character: There is no ы (U+044B) in font [lmmono12-regular]:!
Missing character: There is no й (U+0439) in font [lmmono12-regular]:!
Missing character: There is no п (U+043F) in font [lmmono12-regular]:!
Missing character: There is no у (U+0443) in font [lmmono12-regular]:!
Missing character: There is no т (U+0442) in font [lmmono12-regular]:!
Missing character: There is no ь (U+044C) in font [lmmono12-regular]:!
Missing character: There is no В (U+0412) in font [lmmono12-regular]:!
Missing character: There is no в (U+0432) in font [lmmono12-regular]:!
Missing character: There is no е (U+0435) in font [lmmono12-regular]:!
Missing character: There is no д (U+0434) in font [lmmono12-regular]:!
Missing character: There is no и (U+0438) in font [lmmono12-regular]:!
Missing character: There is no т (U+0442) in font [lmmono12-regular]:!
Missing character: There is no е (U+0435) in font [lmmono12-regular]:!
Missing character: There is no р (U+0440) in font [lmmono12-regular]:!
Missing character: There is no а (U+0430) in font [lmmono12-regular]:!
Missing character: There is no з (U+0437) in font [lmmono12-regular]:!
Missing character: There is no м (U+043C) in font [lmmono12-regular]:!
Missing character: There is no е (U+0435) in font [lmmono12-regular]:!
Missing character: There is no р (U+0440) in font [lmmono12-regular]:!
Missing character: There is no м (U+043C) in font [lmmono12-regular]:!
Missing character: There is no а (U+0430) in font [lmmono12-regular]:!
Missing character: There is no т (U+0442) in font [lmmono12-regular]:!
Missing character: There is no р (U+0440) in font [lmmono12-regular]:!
Missing character: There is no и (U+0438) in font [lmmono12-regular]:!
Missing character: There is no ц (U+0446) in font [lmmono12-regular]:!
Missing character: There is no ы (U+044B) in font [lmmono12-regular]:!
Missing character: There is no В (U+0412) in font [lmmono12-regular]:!
Missing character: There is no ы (U+044B) in font [lmmono12-regular]:!
Missing character: There is no б (U+0431) in font [lmmono12-regular]:!
Missing character: There is no е (U+0435) in font [lmmono12-regular]:!
Missing character: There is no р (U+0440) in font [lmmono12-regular]:!
Missing character: There is no и (U+0438) in font [lmmono12-regular]:!
Missing character: There is no т (U+0442) in font [lmmono12-regular]:!
Missing character: There is no е (U+0435) in font [lmmono12-regular]:!
Missing character: There is no о (U+043E) in font [lmmono12-regular]:!
Missing character: There is no п (U+043F) in font [lmmono12-regular]:!
Missing character: There is no ц (U+0446) in font [lmmono12-regular]:!
Missing character: There is no и (U+0438) in font [lmmono12-regular]:!
Missing character: There is no ю (U+044E) in font [lmmono12-regular]:!
Missing character: There is no В (U+0412) in font [lmmono12-regular]:!
Missing character: There is no в (U+0432) in font [lmmono12-regular]:!
Missing character: There is no е (U+0435) in font [lmmono12-regular]:!
Missing character: There is no с (U+0441) in font [lmmono12-regular]:!
Missing character: There is no т (U+0442) in font [lmmono12-regular]:!
Missing character: There is no и (U+0438) in font [lmmono12-regular]:!
Missing character: There is no с (U+0441) in font [lmmono12-regular]:!
Missing character: There is no в (U+0432) in font [lmmono12-regular]:!
Missing character: There is no о (U+043E) in font [lmmono12-regular]:!
Missing character: There is no ю (U+044E) in font [lmmono12-regular]:!
Missing character: There is no м (U+043C) in font [lmmono12-regular]:!
Missing character: There is no а (U+0430) in font [lmmono12-regular]:!
Missing character: There is no т (U+0442) in font [lmmono12-regular]:!
Missing character: There is no р (U+0440) in font [lmmono12-regular]:!
Missing character: There is no и (U+0438) in font [lmmono12-regular]:!
Missing character: There is no ц (U+0446) in font [lmmono12-regular]:!
Missing character: There is no у (U+0443) in font [lmmono12-regular]:!
Missing character: There is no С (U+0421) in font [lmmono12-regular]:!
Missing character: There is no г (U+0433) in font [lmmono12-regular]:!
Missing character: There is no е (U+0435) in font [lmmono12-regular]:!
Missing character: There is no н (U+043D) in font [lmmono12-regular]:!
Missing character: There is no е (U+0435) in font [lmmono12-regular]:!
Missing character: There is no р (U+0440) in font [lmmono12-regular]:!
Missing character: There is no и (U+0438) in font [lmmono12-regular]:!
Missing character: There is no р (U+0440) in font [lmmono12-regular]:!
Missing character: There is no о (U+043E) in font [lmmono12-regular]:!
Missing character: There is no в (U+0432) in font [lmmono12-regular]:!
Missing character: There is no а (U+0430) in font [lmmono12-regular]:!
Missing character: There is no т (U+0442) in font [lmmono12-regular]:!
Missing character: There is no ь (U+044C) in font [lmmono12-regular]:!
Missing character: There is no с (U+0441) in font [lmmono12-regular]:!
Missing character: There is no л (U+043B) in font [lmmono12-regular]:!
Missing character: There is no у (U+0443) in font [lmmono12-regular]:!
Missing character: There is no ч (U+0447) in font [lmmono12-regular]:!
Missing character: There is no а (U+0430) in font [lmmono12-regular]:!
Missing character: There is no й (U+0439) in font [lmmono12-regular]:!
Missing character: There is no н (U+043D) in font [lmmono12-regular]:!
Missing character: There is no у (U+0443) in font [lmmono12-regular]:!
Missing character: There is no ю (U+044E) in font [lmmono12-regular]:!
Missing character: There is no м (U+043C) in font [lmmono12-regular]:!
Missing character: There is no а (U+0430) in font [lmmono12-regular]:!
Missing character: There is no т (U+0442) in font [lmmono12-regular]:!
Missing character: There is no р (U+0440) in font [lmmono12-regular]:!
Missing character: There is no и (U+0438) in font [lmmono12-regular]:!
Missing character: There is no ц (U+0446) in font [lmmono12-regular]:!
Missing character: There is no у (U+0443) in font [lmmono12-regular]:!
Missing character: There is no В (U+0412) in font [lmmono12-regular]:!
Missing character: There is no а (U+0430) in font [lmmono12-regular]:!
Missing character: There is no ш (U+0448) in font [lmmono12-regular]:!
Missing character: There is no в (U+0432) in font [lmmono12-regular]:!
Missing character: There is no ы (U+044B) in font [lmmono12-regular]:!
Missing character: There is no б (U+0431) in font [lmmono12-regular]:!
Missing character: There is no о (U+043E) in font [lmmono12-regular]:!
Missing character: There is no р (U+0440) in font [lmmono12-regular]:!
Missing character: There is no и (U+0438) in font [lmmono12-regular]:!
Missing character: There is no л (U+043B) in font [lmmono12-regular]:!
Missing character: There is no и (U+0438) in font [lmmono12-regular]:!
Missing character: There is no С (U+0421) in font [lmmono12-regular]:!
Missing character: There is no г (U+0433) in font [lmmono12-regular]:!
Missing character: There is no е (U+0435) in font [lmmono12-regular]:!
Missing character: There is no н (U+043D) in font [lmmono12-regular]:!
Missing character: There is no е (U+0435) in font [lmmono12-regular]:!
Missing character: There is no р (U+0440) in font [lmmono12-regular]:!
Missing character: There is no и (U+0438) in font [lmmono12-regular]:!
Missing character: There is no р (U+0440) in font [lmmono12-regular]:!
Missing character: There is no о (U+043E) in font [lmmono12-regular]:!
Missing character: There is no в (U+0432) in font [lmmono12-regular]:!
Missing character: There is no а (U+0430) in font [lmmono12-regular]:!
Missing character: There is no н (U+043D) in font [lmmono12-regular]:!
Missing character: There is no н (U+043D) in font [lmmono12-regular]:!
Missing character: There is no а (U+0430) in font [lmmono12-regular]:!
Missing character: There is no я (U+044F) in font [lmmono12-regular]:!
Missing character: There is no м (U+043C) in font [lmmono12-regular]:!
Missing character: There is no а (U+0430) in font [lmmono12-regular]:!
Missing character: There is no т (U+0442) in font [lmmono12-regular]:!
Missing character: There is no р (U+0440) in font [lmmono12-regular]:!
Missing character: There is no и (U+0438) in font [lmmono12-regular]:!
Missing character: There is no ц (U+0446) in font [lmmono12-regular]:!
Missing character: There is no а (U+0430) in font [lmmono12-regular]:!
Missing character: There is no М (U+041C) in font [lmmono12-regular]:!
Missing character: There is no и (U+0438) in font [lmmono12-regular]:!
Missing character: There is no н (U+043D) in font [lmmono12-regular]:!
Missing character: There is no и (U+0438) in font [lmmono12-regular]:!
Missing character: There is no м (U+043C) in font [lmmono12-regular]:!
Missing character: There is no а (U+0430) in font [lmmono12-regular]:!
Missing character: There is no л (U+043B) in font [lmmono12-regular]:!
Missing character: There is no ь (U+044C) in font [lmmono12-regular]:!
Missing character: There is no н (U+043D) in font [lmmono12-regular]:!
Missing character: There is no а (U+0430) in font [lmmono12-regular]:!
Missing character: There is no я (U+044F) in font [lmmono12-regular]:!
Missing character: Th